{"name": "Successful login", "status": "broken", "statusDetails": {"message": "selenium.common.exceptions.TimeoutException: Message: \nStacktrace:\nBacktrace:\n\tGetHandleVerifier [0x0046DCE3+50899]\n\t(No symbol) [0x003FE111]\n\t(No symbol) [0x00305588]\n\t(No symbol) [0x003308F9]\n\t(No symbol) [0x00330AFB]\n\t(No symbol) [0x0035F902]\n\t(No symbol) [0x0034B944]\n\t(No symbol) [0x0035E01C]\n\t(No symbol) [0x0034B6F6]\n\t(No symbol) [0x00327708]\n\t(No symbol) [0x0032886D]\n\tGetHandleVerifier [0x006D3EAE+2566302]\n\tGetHandleVerifier [0x007092B1+2784417]\n\tGetHandleVerifier [0x0070327C+2759788]\n\tGetHandleVerifier [0x00505740+672048]\n\t(No symbol) [0x00408872]\n\t(No symbol) [0x004041C8]\n\t(No symbol) [0x004042AB]\n\t(No symbol) [0x003F71B7]\n\tBaseThreadInitThunk [0x778E0099+25]\n\tRtlGetAppContainerNamedObjectPath [0x77C67B6E+286]\n\tRtlGetAppContainerNamedObjectPath [0x77C67B3E+238]", "trace": "index_page = <pages.index_page.IndexPage object at 0x00000240063284C0>\n\n    @allure.description('Main page')\n    @allure.label('owner', 'Jenya')\n    @allure.title('Successful login')\n    @allure.suite('Success login')\n    @allure.severity(allure.severity_level.CRITICAL)\n    def test_successful_login(index_page):\n        index_page.enter_username()\n        index_page.enter_password(password=PASSWORD)\n        index_page.click_to_login_btn()\n>       index_page.check_title()\n\ntests\\test_index_page.py:20: \n_ _ _ _ _ _ _ _ _ _ _ _ _ _ _ _ _ _ _ _ _ _ _ _ _ _ _ _ _ _ _ _ _ _ _ _ _ _ _ _ _ _ _ _ _ _ _ _ _ _ _ _ _ _ _ _ _ _ _ _ _ _ _ _ _ _ _ _ _ _ _ _ _ _\npages\\index_page.py:69: in check_title\n    actual_result = self.is_visible(Locators.TITLE).text\nbase_object\\base.py:15: in is_visible\n    return self.wait.until(ec.visibility_of_element_located(locator))\n_ _ _ _ _ _ _ _ _ _ _ _ _ _ _ _ _ _ _ _ _ _ _ _ _ _ _ _ _ _ _ _ _ _ _ _ _ _ _ _ _ _ _ _ _ _ _ _ _ _ _ _ _ _ _ _ _ _ _ _ _ _ _ _ _ _ _ _ _ _ _ _ _ _\n\nself = <selenium.webdriver.support.wait.WebDriverWait (session=\"4476d57e9cdad97b8705b2ddb3545dad\")>\nmethod = <function visibility_of_element_located.<locals>._predicate at 0x0000024006359FC0>, message = ''\n\n    def until(self, method, message: str = \"\"):\n        \"\"\"Calls the method provided with the driver as an argument until the \\\n        return value does not evaluate to ``False``.\n    \n        :param method: callable(WebDriver)\n        :param message: optional message for :exc:`TimeoutException`\n        :returns: the result of the last call to `method`\n        :raises: :exc:`selenium.common.exceptions.TimeoutException` if timeout occurs\n        \"\"\"\n        screen = None\n        stacktrace = None\n    \n        end_time = time.monotonic() + self._timeout\n        while True:\n            try:\n                value = method(self._driver)\n                if value:\n                    return value\n            except self._ignored_exceptions as exc:\n                screen = getattr(exc, \"screen\", None)\n                stacktrace = getattr(exc, \"stacktrace\", None)\n            time.sleep(self._poll)\n            if time.monotonic() > end_time:\n                break\n>       raise TimeoutException(message, screen, stacktrace)\nE       selenium.common.exceptions.TimeoutException: Message: \nE       Stacktrace:\nE       Backtrace:\nE       \tGetHandleVerifier [0x0046DCE3+50899]\nE       \t(No symbol) [0x003FE111]\nE       \t(No symbol) [0x00305588]\nE       \t(No symbol) [0x003308F9]\nE       \t(No symbol) [0x00330AFB]\nE       \t(No symbol) [0x0035F902]\nE       \t(No symbol) [0x0034B944]\nE       \t(No symbol) [0x0035E01C]\nE       \t(No symbol) [0x0034B6F6]\nE       \t(No symbol) [0x00327708]\nE       \t(No symbol) [0x0032886D]\nE       \tGetHandleVerifier [0x006D3EAE+2566302]\nE       \tGetHandleVerifier [0x007092B1+2784417]\nE       \tGetHandleVerifier [0x0070327C+2759788]\nE       \tGetHandleVerifier [0x00505740+672048]\nE       \t(No symbol) [0x00408872]\nE       \t(No symbol) [0x004041C8]\nE       \t(No symbol) [0x004042AB]\nE       \t(No symbol) [0x003F71B7]\nE       \tBaseThreadInitThunk [0x778E0099+25]\nE       \tRtlGetAppContainerNamedObjectPath [0x77C67B6E+286]\nE       \tRtlGetAppContainerNamedObjectPath [0x77C67B3E+238]\n\nvenv\\lib\\site-packages\\selenium\\webdriver\\support\\wait.py:95: TimeoutException"}, "description": "Main page", "steps": [{"name": "enter username", "status": "passed", "start": 1683695647330, "stop": 1683695647475}, {"name": "enter password", "status": "passed", "parameters": [{"name": "password", "value": "'$(password)'"}], "start": 1683695647475, "stop": 1683695647585}, {"name": "click to login btn", "status": "passed", "start": 1683695647585, "stop": 1683695647673}], "attachments": [{"name": "log", "source": "1c99a4bd-1874-480d-add9-c5844237a5ce-attachment.txt", "type": "text/plain"}], "start": 1683695647330, "stop": 1683695652873, "uuid": "441e4b46-b703-477b-a08e-5e31b056affe", "historyId": "d2f31332c48a4054a1d6ef3d47fce0ce", "testCaseId": "0b42731c3fb389b9c513ab0137d48924", "fullName": "tests.test_index_page#test_successful_login", "labels": [{"name": "owner", "value": "Jenya"}, {"name": "suite", "value": "Success login"}, {"name": "severity", "value": "critical"}, {"name": "parentSuite", "value": "tests"}, {"name": "host", "value": "DESKTOP-EPJBQ14"}, {"name": "thread", "value": "2248-MainThread"}, {"name": "framework", "value": "pytest"}, {"name": "language", "value": "cpython3"}, {"name": "package", "value": "tests.test_index_page"}]}