{"name": "By products", "status": "broken", "statusDetails": {"message": "selenium.common.exceptions.TimeoutException: Message: \nStacktrace:\nBacktrace:\n\tGetHandleVerifier [0x0046DCE3+50899]\n\t(No symbol) [0x003FE111]\n\t(No symbol) [0x00305588]\n\t(No symbol) [0x003308F9]\n\t(No symbol) [0x00330AFB]\n\t(No symbol) [0x0035F902]\n\t(No symbol) [0x0034B944]\n\t(No symbol) [0x0035E01C]\n\t(No symbol) [0x0034B6F6]\n\t(No symbol) [0x00327708]\n\t(No symbol) [0x0032886D]\n\tGetHandleVerifier [0x006D3EAE+2566302]\n\tGetHandleVerifier [0x007092B1+2784417]\n\tGetHandleVerifier [0x0070327C+2759788]\n\tGetHandleVerifier [0x00505740+672048]\n\t(No symbol) [0x00408872]\n\t(No symbol) [0x004041C8]\n\t(No symbol) [0x004042AB]\n\t(No symbol) [0x003F71B7]\n\tBaseThreadInitThunk [0x778E0099+25]\n\tRtlGetAppContainerNamedObjectPath [0x77C67B6E+286]\n\tRtlGetAppContainerNamedObjectPath [0x77C67B3E+238]", "trace": "index_page = <pages.index_page.IndexPage object at 0x00000240063C2800>\n\n    @allure.description('Place an order')\n    @allure.label('owner', 'Jenya')\n    @allure.title('By products')\n    @allure.suite('Сheckout overview')\n    @allure.severity(allure.severity_level.CRITICAL)\n    def test_checkout_overview(index_page):\n        index_page.enter_username()\n        index_page.enter_password(password='secret_sauce')\n        index_page.click_to_login_btn()\n>       index_page.click_to_add_to_card()\n\ntests\\test_index_page.py:58: \n_ _ _ _ _ _ _ _ _ _ _ _ _ _ _ _ _ _ _ _ _ _ _ _ _ _ _ _ _ _ _ _ _ _ _ _ _ _ _ _ _ _ _ _ _ _ _ _ _ _ _ _ _ _ _ _ _ _ _ _ _ _ _ _ _ _ _ _ _ _ _ _ _ _\npages\\index_page.py:32: in click_to_add_to_card\n    self.click(Locators.PRIMARY_BTN)\nbase_object\\base.py:27: in click\n    self.is_clickable(locator).click()\nbase_object\\base.py:23: in is_clickable\n    return self.wait.until(ec.element_to_be_clickable(locator))\n_ _ _ _ _ _ _ _ _ _ _ _ _ _ _ _ _ _ _ _ _ _ _ _ _ _ _ _ _ _ _ _ _ _ _ _ _ _ _ _ _ _ _ _ _ _ _ _ _ _ _ _ _ _ _ _ _ _ _ _ _ _ _ _ _ _ _ _ _ _ _ _ _ _\n\nself = <selenium.webdriver.support.wait.WebDriverWait (session=\"29fb7b9153b12707fea991b8c353c35e\")>\nmethod = <function element_to_be_clickable.<locals>._predicate at 0x0000024006359FC0>, message = ''\n\n    def until(self, method, message: str = \"\"):\n        \"\"\"Calls the method provided with the driver as an argument until the \\\n        return value does not evaluate to ``False``.\n    \n        :param method: callable(WebDriver)\n        :param message: optional message for :exc:`TimeoutException`\n        :returns: the result of the last call to `method`\n        :raises: :exc:`selenium.common.exceptions.TimeoutException` if timeout occurs\n        \"\"\"\n        screen = None\n        stacktrace = None\n    \n        end_time = time.monotonic() + self._timeout\n        while True:\n            try:\n                value = method(self._driver)\n                if value:\n                    return value\n            except self._ignored_exceptions as exc:\n                screen = getattr(exc, \"screen\", None)\n                stacktrace = getattr(exc, \"stacktrace\", None)\n            time.sleep(self._poll)\n            if time.monotonic() > end_time:\n                break\n>       raise TimeoutException(message, screen, stacktrace)\nE       selenium.common.exceptions.TimeoutException: Message: \nE       Stacktrace:\nE       Backtrace:\nE       \tGetHandleVerifier [0x0046DCE3+50899]\nE       \t(No symbol) [0x003FE111]\nE       \t(No symbol) [0x00305588]\nE       \t(No symbol) [0x003308F9]\nE       \t(No symbol) [0x00330AFB]\nE       \t(No symbol) [0x0035F902]\nE       \t(No symbol) [0x0034B944]\nE       \t(No symbol) [0x0035E01C]\nE       \t(No symbol) [0x0034B6F6]\nE       \t(No symbol) [0x00327708]\nE       \t(No symbol) [0x0032886D]\nE       \tGetHandleVerifier [0x006D3EAE+2566302]\nE       \tGetHandleVerifier [0x007092B1+2784417]\nE       \tGetHandleVerifier [0x0070327C+2759788]\nE       \tGetHandleVerifier [0x00505740+672048]\nE       \t(No symbol) [0x00408872]\nE       \t(No symbol) [0x004041C8]\nE       \t(No symbol) [0x004042AB]\nE       \t(No symbol) [0x003F71B7]\nE       \tBaseThreadInitThunk [0x778E0099+25]\nE       \tRtlGetAppContainerNamedObjectPath [0x77C67B6E+286]\nE       \tRtlGetAppContainerNamedObjectPath [0x77C67B3E+238]\n\nvenv\\lib\\site-packages\\selenium\\webdriver\\support\\wait.py:95: TimeoutException"}, "description": "Place an order", "steps": [{"name": "enter username", "status": "passed", "start": 1683695736159, "stop": 1683695736366}, {"name": "enter password", "status": "passed", "parameters": [{"name": "password", "value": "'secret_sauce'"}], "start": 1683695736366, "stop": 1683695736463}, {"name": "click to login btn", "status": "passed", "start": 1683695736465, "stop": 1683695736549}, {"name": "Add to card", "status": "broken", "statusDetails": {"message": "selenium.common.exceptions.TimeoutException: Message: \nStacktrace:\nBacktrace:\n\tGetHandleVerifier [0x0046DCE3+50899]\n\t(No symbol) [0x003FE111]\n\t(No symbol) [0x00305588]\n\t(No symbol) [0x003308F9]\n\t(No symbol) [0x00330AFB]\n\t(No symbol) [0x0035F902]\n\t(No symbol) [0x0034B944]\n\t(No symbol) [0x0035E01C]\n\t(No symbol) [0x0034B6F6]\n\t(No symbol) [0x00327708]\n\t(No symbol) [0x0032886D]\n\tGetHandleVerifier [0x006D3EAE+2566302]\n\tGetHandleVerifier [0x007092B1+2784417]\n\tGetHandleVerifier [0x0070327C+2759788]\n\tGetHandleVerifier [0x00505740+672048]\n\t(No symbol) [0x00408872]\n\t(No symbol) [0x004041C8]\n\t(No symbol) [0x004042AB]\n\t(No symbol) [0x003F71B7]\n\tBaseThreadInitThunk [0x778E0099+25]\n\tRtlGetAppContainerNamedObjectPath [0x77C67B6E+286]\n\tRtlGetAppContainerNamedObjectPath [0x77C67B3E+238]\n\n", "trace": "  File \"C:\\Users\\TTK_USER\\PycharmProjects\\saucedemo\\venv\\lib\\site-packages\\allure_commons\\_allure.py\", line 192, in impl\n    return func(*a, **kw)\n  File \"C:\\Users\\TTK_USER\\PycharmProjects\\saucedemo\\pages\\index_page.py\", line 32, in click_to_add_to_card\n    self.click(Locators.PRIMARY_BTN)\n  File \"C:\\Users\\TTK_USER\\PycharmProjects\\saucedemo\\base_object\\base.py\", line 27, in click\n    self.is_clickable(locator).click()\n  File \"C:\\Users\\TTK_USER\\PycharmProjects\\saucedemo\\base_object\\base.py\", line 23, in is_clickable\n    return self.wait.until(ec.element_to_be_clickable(locator))\n  File \"C:\\Users\\TTK_USER\\PycharmProjects\\saucedemo\\venv\\lib\\site-packages\\selenium\\webdriver\\support\\wait.py\", line 95, in until\n    raise TimeoutException(message, screen, stacktrace)\n"}, "start": 1683695736549, "stop": 1683695741742}], "attachments": [{"name": "log", "source": "84462ff8-3bd3-4193-a26e-50aab4ff4cd1-attachment.txt", "type": "text/plain"}], "start": 1683695736159, "stop": 1683695741742, "uuid": "9799f914-7837-4cb9-87cf-5b752d676a9a", "historyId": "337e6212397630d01ed51839c3e2be60", "testCaseId": "5e002a4f504fe717f3211cbaf99591d3", "fullName": "tests.test_index_page#test_checkout_overview", "labels": [{"name": "owner", "value": "Jenya"}, {"name": "severity", "value": "critical"}, {"name": "suite", "value": "Сheckout overview"}, {"name": "parentSuite", "value": "tests"}, {"name": "host", "value": "DESKTOP-EPJBQ14"}, {"name": "thread", "value": "2248-MainThread"}, {"name": "framework", "value": "pytest"}, {"name": "language", "value": "cpython3"}, {"name": "package", "value": "tests.test_index_page"}]}